#
# A fatal error has been detected by the Java Runtime Environment:
#
#  SIGFPE (0x8) at pc=0x0000000116ea67e8, pid=30932, tid=8195
#
# JRE version: Java(TM) SE Runtime Environment (16.0+36) (build 16+36-2231)
# Java VM: Java HotSpot(TM) 64-Bit Server VM (16+36-2231, mixed mode, sharing, tiered, compressed oops, g1 gc, bsd-amd64)
# Problematic frame:
# j  com.Graphs.InfiniteArray.getProductArrayExceptSelf([I)V+35
#
# No core dump will be written. Core dumps have been disabled. To enable core dumping, try "ulimit -c unlimited" before starting Java again
#
# If you would like to submit a bug report, please visit:
#   https://bugreport.java.com/bugreport/crash.jsp
#

---------------  S U M M A R Y ------------

Command Line: -javaagent:/Applications/IntelliJ IDEA CE.app/Contents/lib/idea_rt.jar=53664:/Applications/IntelliJ IDEA CE.app/Contents/bin -Dfile.encoding=UTF-8 com.Graphs.InfiniteArray

Host: MacBookPro17,1 x86_64 2400 MHz, 8 cores, 8G, Darwin 20.3.0, macOS 10.16 (20D91)
Time: Fri May 14 00:28:52 2021 IST elapsed time: 5.129479 seconds (0d 0h 0m 5s)

---------------  T H R E A D  ---------------

Current thread (0x00007f9ea9009400):  JavaThread "main" [_thread_in_Java, id=8195, stack(0x0000000305148000,0x0000000305248000)]

Stack: [0x0000000305148000,0x0000000305248000],  sp=0x0000000305247a18,  free space=1022k
Native frames: (J=compiled Java code, A=aot compiled Java code, j=interpreted, Vv=VM code, C=native code)
j  com.Graphs.InfiniteArray.getProductArrayExceptSelf([I)V+35
j  com.Graphs.InfiniteArray.main([Ljava/lang/String;)V+55
v  ~StubRoutines::call_stub
V  [libjvm.dylib+0x508672]  JavaCalls::call_helper(JavaValue*, methodHandle const&, JavaCallArguments*, Thread*)+0x2d2
V  [libjvm.dylib+0x56d778]  jni_invoke_static(JNIEnv_*, JavaValue*, _jobject*, JNICallType, _jmethodID*, JNI_ArgumentPusher*, Thread*)+0x148
V  [libjvm.dylib+0x570d31]  jni_CallStaticVoidMethod+0x181
C  [libjli.dylib+0x4e9f]  JavaMain+0xbff
C  [libjli.dylib+0x7519]  ThreadJavaMain+0x9
C  [libsystem_pthread.dylib+0x6950]  _pthread_start+0xe0
C  [libsystem_pthread.dylib+0x247b]  thread_start+0xf


siginfo: si_signo: 8 (SIGFPE), si_code: 5 (FPE_FLTINV), si_addr: 0x0000000116ea67e8

Register to memory mapping:

RAX=0x0 is NULL
RBX=0x000000000000006c is an unknown value
RCX=0x0 is NULL
RDX=0x0 is NULL
RSP=0x0000000305247a18 is pointing into the stack for thread: 0x00007f9ea9009400
RBP=0x0000000305247a70 is pointing into the stack for thread: 0x00007f9ea9009400
RSI=0x0000000787d4f2a8 is an oop: [I 
{0x0000000787d4f2a8} - klass: {type array int}
 - length: 4
RDI=0x0000000305247970 is pointing into the stack for thread: 0x00007f9ea9009400
R8 =0x0000000000000001 is an unknown value
R9 =0x00007f9ea9009400 is a thread
R10=0x000000010dcb4b30: _ZN19TemplateInterpreter13_active_tableE+0x2000 in /Library/Java/JavaVirtualMachines/jdk-16.jdk/Contents/Home/lib/server/libjvm.dylib at 0x000000010d000000
R11=0x0 is NULL
R12=0x0 is NULL
R13=0x000000012d003942 is pointing into metadata
R14=0x0000000305247ac0 is pointing into the stack for thread: 0x00007f9ea9009400
R15=0x00007f9ea9009400 is a thread


Registers:
RAX=0x0000000000000000, RBX=0x000000000000006c, RCX=0x0000000000000000, RDX=0x0000000000000000
RSP=0x0000000305247a18, RBP=0x0000000305247a70, RSI=0x0000000787d4f2a8, RDI=0x0000000305247970
R8 =0x0000000000000001, R9 =0x00007f9ea9009400, R10=0x000000010dcb4b30, R11=0x0000000000000000
R12=0x0000000000000000, R13=0x000000012d003942, R14=0x0000000305247ac0, R15=0x00007f9ea9009400
RIP=0x0000000116ea67e8, EFLAGS=0x0000000000000a87, ERR=0x0000000000000000
  TRAPNO=0x0000000000000000

Top of Stack: (sp=0x0000000305247a18)
0x0000000305247a18:   0000000000000001 0000000787d4f2a8
0x0000000305247a28:   0000000305247a28 000000012d00392b
0x0000000305247a38:   0000000305247ac0 000000012d003a88
0x0000000305247a48:   0000000000000000 0000000787e71018
0x0000000305247a58:   000000012d0039e8 0000000000000000
0x0000000305247a68:   0000000305247ac0 0000000305247b10
0x0000000305247a78:   0000000116e9d449 0000000000000000
0x0000000305247a88:   0000000000000000 0000000000000000
0x0000000305247a98:   0000000000000001 0000000787d4f2a8
0x0000000305247aa8:   000000003b9aca07 0000000000000000
0x0000000305247ab8:   0000000000000000 0000000787d4dd00
0x0000000305247ac8:   0000000305247ac8 000000012d0035bf
0x0000000305247ad8:   0000000305247b48 000000012d003a88
0x0000000305247ae8:   0000000000000000 0000000787e71018
0x0000000305247af8:   000000012d003620 0000000305247ac0
0x0000000305247b08:   0000000305247b48 0000000305247bb0
0x0000000305247b18:   0000000116e94cc7 0000000000000004
0x0000000305247b28:   0000000787d4dd00 0000000000000004
0x0000000305247b38:   0000000787d400c8 0000000787ef7ec8
0x0000000305247b48:   0000000787e71558 0000000000001fa1
0x0000000305247b58:   00007f9ea9009400 0000000305247cf0
0x0000000305247b68:   0000000305247ea0 0000000305247cd8
0x0000000305247b78:   0000000000000001 0000000305247c10
0x0000000305247b88:   0000000305247ea8 2303941e0000000a
0x0000000305247b98:   000000012d003620 0000000116ea0900
0x0000000305247ba8:   0000000305247cf8 0000000305247ca0
0x0000000305247bb8:   000000010d508672 0000000000000001
0x0000000305247bc8:   00007f9ea9009400 0000000000000000
0x0000000305247bd8:   00007f9ea9009400 00007f9ea8404da0
0x0000000305247be8:   00007f9ea8404de0 00007f9ea8404df0
0x0000000305247bf8:   00007f9ea8404ec8 00000000000000d8
0x0000000305247c08:   00007f9ea8404fc0 00007f9ea9009400 

Instructions: (pc=0x0000000116ea67e8)
0x0000000116ea66e8:   86 85 af 0d 01 00 00 00 6a 00 00 00 00 00 00 00
0x0000000116ea66f8:   00 00 00 00 00 00 00 00 f3 0f 10 04 24 48 83 c4
0x0000000116ea6708:   08 f3 0f 59 04 24 48 83 c4 08 41 0f b6 5d 01 49
0x0000000116ea6718:   ff c5 49 ba 30 5b cb 0d 01 00 00 00 41 ff 24 da
0x0000000116ea6728:   00 00 00 00 00 00 00 00 00 00 00 00 00 00 00 00
0x0000000116ea6738:   00 00 00 00 00 00 00 00 60 00 00 00 00 00 00 00
0x0000000116ea6748:   8b 85 af 0d 01 00 00 00 6b 00 00 00 00 00 00 00
0x0000000116ea6758:   00 00 00 00 00 00 00 00 f2 0f 10 04 24 48 83 c4
0x0000000116ea6768:   10 f2 0f 59 04 24 48 83 c4 10 41 0f b6 5d 01 49
0x0000000116ea6778:   ff c5 49 ba 30 63 cb 0d 01 00 00 00 41 ff 24 da
0x0000000116ea6788:   00 00 00 00 00 00 00 00 00 00 00 00 00 00 00 00
0x0000000116ea6798:   00 00 00 00 00 00 00 00 60 00 00 00 00 00 00 00
0x0000000116ea67a8:   90 85 af 0d 01 00 00 00 6c 00 00 00 00 00 00 00
0x0000000116ea67b8:   00 00 00 00 00 00 00 00 8b 04 24 48 83 c4 08 8b
0x0000000116ea67c8:   c8 8b 04 24 48 83 c4 08 81 f8 00 00 00 80 0f 85
0x0000000116ea67d8:   0b 00 00 00 33 d2 83 f9 ff 0f 84 03 00 00 00 99
0x0000000116ea67e8:   f7 f9 41 0f b6 5d 01 49 ff c5 49 ba 30 4b cb 0d
0x0000000116ea67f8:   01 00 00 00 41 ff 24 da 80 00 00 00 00 00 00 00
0x0000000116ea6808:   95 85 af 0d 01 00 00 00 6d 00 00 00 00 00 00 00
0x0000000116ea6818:   00 00 00 00 00 00 00 00 48 8b 04 24 48 83 c4 10
0x0000000116ea6828:   48 8b c8 48 8b 04 24 48 83 c4 10 48 85 c9 0f 84
0x0000000116ea6838:   bf 9d ff ff 48 3b 05 7d 2b cd f6 0f 85 0c 00 00
0x0000000116ea6848:   00 33 d2 48 83 f9 ff 0f 84 05 00 00 00 48 99 48
0x0000000116ea6858:   f7 f9 41 0f b6 5d 01 49 ff c5 49 ba 30 53 cb 0d
0x0000000116ea6868:   01 00 00 00 41 ff 24 da 00 00 00 00 00 00 00 00
0x0000000116ea6878:   00 00 00 00 00 00 00 00 60 00 00 00 00 00 00 00
0x0000000116ea6888:   9a 85 af 0d 01 00 00 00 6e 00 00 00 00 00 00 00
0x0000000116ea6898:   00 00 00 00 00 00 00 00 f3 0f 10 04 24 48 83 c4
0x0000000116ea68a8:   08 0f 28 c8 f3 0f 10 04 24 48 83 c4 08 f3 0f 5e
0x0000000116ea68b8:   c1 41 0f b6 5d 01 49 ff c5 49 ba 30 5b cb 0d 01
0x0000000116ea68c8:   00 00 00 41 ff 24 da 90 00 00 00 00 00 00 00 00
0x0000000116ea68d8:   00 00 00 00 00 00 00 00 60 00 00 00 00 00 00 00 


Stack slot to memory mapping:
stack at sp + 0 slots: 0x0000000000000001 is an unknown value
stack at sp + 1 slots: 0x0000000787d4f2a8 is an oop: [I 
{0x0000000787d4f2a8} - klass: {type array int}
 - length: 4
stack at sp + 2 slots: 0x0000000305247a28 is pointing into the stack for thread: 0x00007f9ea9009400
stack at sp + 3 slots: 0x000000012d00392b is pointing into metadata
stack at sp + 4 slots: 0x0000000305247ac0 is pointing into the stack for thread: 0x00007f9ea9009400
stack at sp + 5 slots: 0x000000012d003a88 is pointing into metadata
stack at sp + 6 slots: 0x0 is NULL
stack at sp + 7 slots: 0x0000000787e71018 is an oop: java.lang.Class 
{0x0000000787e71018} - klass: 'java/lang/Class'

idiv  108 idiv  [0x0000000116ea67c0, 0x0000000116ea6800]  64 bytes
[MachCode]
  0x0000000116ea67c0: 8b04 2448 | 83c4 088b | c88b 0424 | 4883 c408 | 81f8 0000 | 0080 0f85 | 0b00 0000 | 33d2 83f9 
  0x0000000116ea67e0: ff0f 8403 | 0000 0099 | f7f9 410f | b65d 0149 | ffc5 49ba | 304b cb0d | 0100 0000 | 41ff 24da 
[/MachCode]

---------------  P R O C E S S  ---------------

Threads class SMR info:
_java_thread_list=0x00007f9eb8417b00, length=13, elements={
0x00007f9ea9009400, 0x00007f9eb9812200, 0x00007f9eb980da00, 0x00007f9ea90c3800,
0x00007f9eb980ea00, 0x00007f9ea90c6000, 0x00007f9eb980f000, 0x00007f9eb980f600,
0x00007f9ea90ce600, 0x00007f9eb880ea00, 0x00007f9ea90b1000, 0x00007f9e99032400,
0x00007f9ea9009a00
}

Java Threads: ( => current thread )
=>0x00007f9ea9009400 JavaThread "main" [_thread_in_Java, id=8195, stack(0x0000000305148000,0x0000000305248000)]
  0x00007f9eb9812200 JavaThread "Reference Handler" daemon [_thread_blocked, id=22107, stack(0x000000030585d000,0x000000030595d000)]
  0x00007f9eb980da00 JavaThread "Finalizer" daemon [_thread_blocked, id=22531, stack(0x0000000305960000,0x0000000305a60000)]
  0x00007f9ea90c3800 JavaThread "Signal Dispatcher" daemon [_thread_blocked, id=41219, stack(0x0000000305b73000,0x0000000305c73000)]
  0x00007f9eb980ea00 JavaThread "Service Thread" daemon [_thread_blocked, id=25091, stack(0x0000000305c76000,0x0000000305d76000)]
  0x00007f9ea90c6000 JavaThread "Monitor Deflation Thread" daemon [_thread_blocked, id=40707, stack(0x0000000305d79000,0x0000000305e79000)]
  0x00007f9eb980f000 JavaThread "C2 CompilerThread0" daemon [_thread_blocked, id=25603, stack(0x0000000305e7c000,0x0000000305f7c000)]
  0x00007f9eb980f600 JavaThread "C1 CompilerThread0" daemon [_thread_blocked, id=40195, stack(0x0000000305f7f000,0x000000030607f000)]
  0x00007f9ea90ce600 JavaThread "Sweeper thread" daemon [_thread_blocked, id=26115, stack(0x0000000306082000,0x0000000306182000)]
  0x00007f9eb880ea00 JavaThread "Common-Cleaner" daemon [_thread_blocked, id=39379, stack(0x0000000306185000,0x0000000306285000)]
  0x00007f9ea90b1000 JavaThread "Monitor Ctrl-Break" daemon [_thread_in_native, id=27267, stack(0x0000000306288000,0x0000000306388000)]
  0x00007f9e99032400 JavaThread "Notification Thread" daemon [_thread_blocked, id=27651, stack(0x000000030638b000,0x000000030648b000)]
  0x00007f9ea9009a00 JavaThread "Attach Listener" daemon [_thread_blocked, id=29739, stack(0x0000000306591000,0x0000000306691000)]

Other Threads:
  0x00007f9ea84427b0 VMThread "VM Thread" [stack: 0x000000030575a000,0x000000030585a000] [id=16899]
  0x00007f9eb8708330 WatcherThread [stack: 0x000000030648e000,0x000000030658e000] [id=38407]
  0x00007f9ea8414e60 GCTaskThread "GC Thread#0" [stack: 0x000000030524b000,0x000000030534b000] [id=13059]
  0x00007f9ea8415df0 ConcurrentGCThread "G1 Main Marker" [stack: 0x000000030534e000,0x000000030544e000] [id=13315]
  0x00007f9ea8416d00 ConcurrentGCThread "G1 Conc#0" [stack: 0x0000000305451000,0x0000000305551000] [id=14339]
  0x00007f9ea84336e0 ConcurrentGCThread "G1 Refine#0" [stack: 0x0000000305554000,0x0000000305654000] [id=14595]
  0x00007f9ea84345b0 ConcurrentGCThread "G1 Service" [stack: 0x0000000305657000,0x0000000305757000] [id=15107]

Threads with active compile tasks:

VM state: not at safepoint (normal execution)

VM Mutex/Monitor currently owned by a thread: None

Heap address: 0x0000000780000000, size: 2048 MB, Compressed Oops mode: Zero based, Oop shift amount: 3
CDS archive(s) mapped at: [0x0000000800000000-0x0000000800bba000-0x0000000800bba000), size 12296192, SharedBaseAddress: 0x0000000800000000, ArchiveRelocationMode: 0.
Compressed class space mapped at: 0x0000000800c00000-0x0000000840c00000, reserved size: 1073741824
Narrow klass base: 0x0000000800000000, Narrow klass shift: 3, Narrow klass range: 0x100000000

GC Precious Log:
 CPUs: 8 total, 8 available
 Memory: 8192M
 Large Page Support: Disabled
 NUMA Support: Disabled
 Compressed Oops: Enabled (Zero based)
 Heap Region Size: 1M
 Heap Min Capacity: 8M
 Heap Initial Capacity: 128M
 Heap Max Capacity: 2G
 Pre-touch: Disabled
 Parallel Workers: 8
 Concurrent Workers: 2
 Concurrent Refinement Workers: 8
 Periodic GC: Disabled

Heap:
 garbage-first heap   total 133120K, used 4040K [0x0000000780000000, 0x0000000800000000)
  region size 1024K, 4 young (4096K), 0 survivors (0K)
 Metaspace       used 1193K, committed 1344K, reserved 1056768K
  class space    used 90K, committed 192K, reserved 1048576K

Heap Regions: E=young(eden), S=young(survivor), O=old, HS=humongous(starts), HC=humongous(continues), CS=collection set, F=free, OA=open archive, CA=closed archive, TAMS=top-at-mark-start (previous, next)
|   0|0x0000000780000000, 0x0000000780000000, 0x0000000780100000|  0%| F|  |TAMS 0x0000000780000000, 0x0000000780000000| Untracked 
|   1|0x0000000780100000, 0x0000000780100000, 0x0000000780200000|  0%| F|  |TAMS 0x0000000780100000, 0x0000000780100000| Untracked 
|   2|0x0000000780200000, 0x0000000780200000, 0x0000000780300000|  0%| F|  |TAMS 0x0000000780200000, 0x0000000780200000| Untracked 
|   3|0x0000000780300000, 0x0000000780300000, 0x0000000780400000|  0%| F|  |TAMS 0x0000000780300000, 0x0000000780300000| Untracked 
|   4|0x0000000780400000, 0x0000000780400000, 0x0000000780500000|  0%| F|  |TAMS 0x0000000780400000, 0x0000000780400000| Untracked 
|   5|0x0000000780500000, 0x0000000780500000, 0x0000000780600000|  0%| F|  |TAMS 0x0000000780500000, 0x0000000780500000| Untracked 
|   6|0x0000000780600000, 0x0000000780600000, 0x0000000780700000|  0%| F|  |TAMS 0x0000000780600000, 0x0000000780600000| Untracked 
|   7|0x0000000780700000, 0x0000000780700000, 0x0000000780800000|  0%| F|  |TAMS 0x0000000780700000, 0x0000000780700000| Untracked 
|   8|0x0000000780800000, 0x0000000780800000, 0x0000000780900000|  0%| F|  |TAMS 0x0000000780800000, 0x0000000780800000| Untracked 
|   9|0x0000000780900000, 0x0000000780900000, 0x0000000780a00000|  0%| F|  |TAMS 0x0000000780900000, 0x0000000780900000| Untracked 
|  10|0x0000000780a00000, 0x0000000780a00000, 0x0000000780b00000|  0%| F|  |TAMS 0x0000000780a00000, 0x0000000780a00000| Untracked 
|  11|0x0000000780b00000, 0x0000000780b00000, 0x0000000780c00000|  0%| F|  |TAMS 0x0000000780b00000, 0x0000000780b00000| Untracked 
|  12|0x0000000780c00000, 0x0000000780c00000, 0x0000000780d00000|  0%| F|  |TAMS 0x0000000780c00000, 0x0000000780c00000| Untracked 
|  13|0x0000000780d00000, 0x0000000780d00000, 0x0000000780e00000|  0%| F|  |TAMS 0x0000000780d00000, 0x0000000780d00000| Untracked 
|  14|0x0000000780e00000, 0x0000000780e00000, 0x0000000780f00000|  0%| F|  |TAMS 0x0000000780e00000, 0x0000000780e00000| Untracked 
|  15|0x0000000780f00000, 0x0000000780f00000, 0x0000000781000000|  0%| F|  |TAMS 0x0000000780f00000, 0x0000000780f00000| Untracked 
|  16|0x0000000781000000, 0x0000000781000000, 0x0000000781100000|  0%| F|  |TAMS 0x0000000781000000, 0x0000000781000000| Untracked 
|  17|0x0000000781100000, 0x0000000781100000, 0x0000000781200000|  0%| F|  |TAMS 0x0000000781100000, 0x0000000781100000| Untracked 
|  18|0x0000000781200000, 0x0000000781200000, 0x0000000781300000|  0%| F|  |TAMS 0x0000000781200000, 0x0000000781200000| Untracked 
|  19|0x0000000781300000, 0x0000000781300000, 0x0000000781400000|  0%| F|  |TAMS 0x0000000781300000, 0x0000000781300000| Untracked 
|  20|0x0000000781400000, 0x0000000781400000, 0x0000000781500000|  0%| F|  |TAMS 0x0000000781400000, 0x0000000781400000| Untracked 
|  21|0x0000000781500000, 0x0000000781500000, 0x0000000781600000|  0%| F|  |TAMS 0x0000000781500000, 0x0000000781500000| Untracked 
|  22|0x0000000781600000, 0x0000000781600000, 0x0000000781700000|  0%| F|  |TAMS 0x0000000781600000, 0x0000000781600000| Untracked 
|  23|0x0000000781700000, 0x0000000781700000, 0x0000000781800000|  0%| F|  |TAMS 0x0000000781700000, 0x0000000781700000| Untracked 
|  24|0x0000000781800000, 0x0000000781800000, 0x0000000781900000|  0%| F|  |TAMS 0x0000000781800000, 0x0000000781800000| Untracked 
|  25|0x0000000781900000, 0x0000000781900000, 0x0000000781a00000|  0%| F|  |TAMS 0x0000000781900000, 0x0000000781900000| Untracked 
|  26|0x0000000781a00000, 0x0000000781a00000, 0x0000000781b00000|  0%| F|  |TAMS 0x0000000781a00000, 0x0000000781a00000| Untracked 
|  27|0x0000000781b00000, 0x0000000781b00000, 0x0000000781c00000|  0%| F|  |TAMS 0x0000000781b00000, 0x0000000781b00000| Untracked 
|  28|0x0000000781c00000, 0x0000000781c00000, 0x0000000781d00000|  0%| F|  |TAMS 0x0000000781c00000, 0x0000000781c00000| Untracked 
|  29|0x0000000781d00000, 0x0000000781d00000, 0x0000000781e00000|  0%| F|  |TAMS 0x0000000781d00000, 0x0000000781d00000| Untracked 
|  30|0x0000000781e00000, 0x0000000781e00000, 0x0000000781f00000|  0%| F|  |TAMS 0x0000000781e00000, 0x0000000781e00000| Untracked 
|  31|0x0000000781f00000, 0x0000000781f00000, 0x0000000782000000|  0%| F|  |TAMS 0x0000000781f00000, 0x0000000781f00000| Untracked 
|  32|0x0000000782000000, 0x0000000782000000, 0x0000000782100000|  0%| F|  |TAMS 0x0000000782000000, 0x0000000782000000| Untracked 
|  33|0x0000000782100000, 0x0000000782100000, 0x0000000782200000|  0%| F|  |TAMS 0x0000000782100000, 0x0000000782100000| Untracked 
|  34|0x0000000782200000, 0x0000000782200000, 0x0000000782300000|  0%| F|  |TAMS 0x0000000782200000, 0x0000000782200000| Untracked 
|  35|0x0000000782300000, 0x0000000782300000, 0x0000000782400000|  0%| F|  |TAMS 0x0000000782300000, 0x0000000782300000| Untracked 
|  36|0x0000000782400000, 0x0000000782400000, 0x0000000782500000|  0%| F|  |TAMS 0x0000000782400000, 0x0000000782400000| Untracked 
|  37|0x0000000782500000, 0x0000000782500000, 0x0000000782600000|  0%| F|  |TAMS 0x0000000782500000, 0x0000000782500000| Untracked 
|  38|0x0000000782600000, 0x0000000782600000, 0x0000000782700000|  0%| F|  |TAMS 0x0000000782600000, 0x0000000782600000| Untracked 
|  39|0x0000000782700000, 0x0000000782700000, 0x0000000782800000|  0%| F|  |TAMS 0x0000000782700000, 0x0000000782700000| Untracked 
|  40|0x0000000782800000, 0x0000000782800000, 0x0000000782900000|  0%| F|  |TAMS 0x0000000782800000, 0x0000000782800000| Untracked 
|  41|0x0000000782900000, 0x0000000782900000, 0x0000000782a00000|  0%| F|  |TAMS 0x0000000782900000, 0x0000000782900000| Untracked 
|  42|0x0000000782a00000, 0x0000000782a00000, 0x0000000782b00000|  0%| F|  |TAMS 0x0000000782a00000, 0x0000000782a00000| Untracked 
|  43|0x0000000782b00000, 0x0000000782b00000, 0x0000000782c00000|  0%| F|  |TAMS 0x0000000782b00000, 0x0000000782b00000| Untracked 
|  44|0x0000000782c00000, 0x0000000782c00000, 0x0000000782d00000|  0%| F|  |TAMS 0x0000000782c00000, 0x0000000782c00000| Untracked 
|  45|0x0000000782d00000, 0x0000000782d00000, 0x0000000782e00000|  0%| F|  |TAMS 0x0000000782d00000, 0x0000000782d00000| Untracked 
|  46|0x0000000782e00000, 0x0000000782e00000, 0x0000000782f00000|  0%| F|  |TAMS 0x0000000782e00000, 0x0000000782e00000| Untracked 
|  47|0x0000000782f00000, 0x0000000782f00000, 0x0000000783000000|  0%| F|  |TAMS 0x0000000782f00000, 0x0000000782f00000| Untracked 
|  48|0x0000000783000000, 0x0000000783000000, 0x0000000783100000|  0%| F|  |TAMS 0x0000000783000000, 0x0000000783000000| Untracked 
|  49|0x0000000783100000, 0x0000000783100000, 0x0000000783200000|  0%| F|  |TAMS 0x0000000783100000, 0x0000000783100000| Untracked 
|  50|0x0000000783200000, 0x0000000783200000, 0x0000000783300000|  0%| F|  |TAMS 0x0000000783200000, 0x0000000783200000| Untracked 
|  51|0x0000000783300000, 0x0000000783300000, 0x0000000783400000|  0%| F|  |TAMS 0x0000000783300000, 0x0000000783300000| Untracked 
|  52|0x0000000783400000, 0x0000000783400000, 0x0000000783500000|  0%| F|  |TAMS 0x0000000783400000, 0x0000000783400000| Untracked 
|  53|0x0000000783500000, 0x0000000783500000, 0x0000000783600000|  0%| F|  |TAMS 0x0000000783500000, 0x0000000783500000| Untracked 
|  54|0x0000000783600000, 0x0000000783600000, 0x0000000783700000|  0%| F|  |TAMS 0x0000000783600000, 0x0000000783600000| Untracked 
|  55|0x0000000783700000, 0x0000000783700000, 0x0000000783800000|  0%| F|  |TAMS 0x0000000783700000, 0x0000000783700000| Untracked 
|  56|0x0000000783800000, 0x0000000783800000, 0x0000000783900000|  0%| F|  |TAMS 0x0000000783800000, 0x0000000783800000| Untracked 
|  57|0x0000000783900000, 0x0000000783900000, 0x0000000783a00000|  0%| F|  |TAMS 0x0000000783900000, 0x0000000783900000| Untracked 
|  58|0x0000000783a00000, 0x0000000783a00000, 0x0000000783b00000|  0%| F|  |TAMS 0x0000000783a00000, 0x0000000783a00000| Untracked 
|  59|0x0000000783b00000, 0x0000000783b00000, 0x0000000783c00000|  0%| F|  |TAMS 0x0000000783b00000, 0x0000000783b00000| Untracked 
|  60|0x0000000783c00000, 0x0000000783c00000, 0x0000000783d00000|  0%| F|  |TAMS 0x0000000783c00000, 0x0000000783c00000| Untracked 
|  61|0x0000000783d00000, 0x0000000783d00000, 0x0000000783e00000|  0%| F|  |TAMS 0x0000000783d00000, 0x0000000783d00000| Untracked 
|  62|0x0000000783e00000, 0x0000000783e00000, 0x0000000783f00000|  0%| F|  |TAMS 0x0000000783e00000, 0x0000000783e00000| Untracked 
|  63|0x0000000783f00000, 0x0000000783f00000, 0x0000000784000000|  0%| F|  |TAMS 0x0000000783f00000, 0x0000000783f00000| Untracked 
|  64|0x0000000784000000, 0x0000000784000000, 0x0000000784100000|  0%| F|  |TAMS 0x0000000784000000, 0x0000000784000000| Untracked 
|  65|0x0000000784100000, 0x0000000784100000, 0x0000000784200000|  0%| F|  |TAMS 0x0000000784100000, 0x0000000784100000| Untracked 
|  66|0x0000000784200000, 0x0000000784200000, 0x0000000784300000|  0%| F|  |TAMS 0x0000000784200000, 0x0000000784200000| Untracked 
|  67|0x0000000784300000, 0x0000000784300000, 0x0000000784400000|  0%| F|  |TAMS 0x0000000784300000, 0x0000000784300000| Untracked 
|  68|0x0000000784400000, 0x0000000784400000, 0x0000000784500000|  0%| F|  |TAMS 0x0000000784400000, 0x0000000784400000| Untracked 
|  69|0x0000000784500000, 0x0000000784500000, 0x0000000784600000|  0%| F|  |TAMS 0x0000000784500000, 0x0000000784500000| Untracked 
|  70|0x0000000784600000, 0x0000000784600000, 0x0000000784700000|  0%| F|  |TAMS 0x0000000784600000, 0x0000000784600000| Untracked 
|  71|0x0000000784700000, 0x0000000784700000, 0x0000000784800000|  0%| F|  |TAMS 0x0000000784700000, 0x0000000784700000| Untracked 
|  72|0x0000000784800000, 0x0000000784800000, 0x0000000784900000|  0%| F|  |TAMS 0x0000000784800000, 0x0000000784800000| Untracked 
|  73|0x0000000784900000, 0x0000000784900000, 0x0000000784a00000|  0%| F|  |TAMS 0x0000000784900000, 0x0000000784900000| Untracked 
|  74|0x0000000784a00000, 0x0000000784a00000, 0x0000000784b00000|  0%| F|  |TAMS 0x0000000784a00000, 0x0000000784a00000| Untracked 
|  75|0x0000000784b00000, 0x0000000784b00000, 0x0000000784c00000|  0%| F|  |TAMS 0x0000000784b00000, 0x0000000784b00000| Untracked 
|  76|0x0000000784c00000, 0x0000000784c00000, 0x0000000784d00000|  0%| F|  |TAMS 0x0000000784c00000, 0x0000000784c00000| Untracked 
|  77|0x0000000784d00000, 0x0000000784d00000, 0x0000000784e00000|  0%| F|  |TAMS 0x0000000784d00000, 0x0000000784d00000| Untracked 
|  78|0x0000000784e00000, 0x0000000784e00000, 0x0000000784f00000|  0%| F|  |TAMS 0x0000000784e00000, 0x0000000784e00000| Untracked 
|  79|0x0000000784f00000, 0x0000000784f00000, 0x0000000785000000|  0%| F|  |TAMS 0x0000000784f00000, 0x0000000784f00000| Untracked 
|  80|0x0000000785000000, 0x0000000785000000, 0x0000000785100000|  0%| F|  |TAMS 0x0000000785000000, 0x0000000785000000| Untracked 
|  81|0x0000000785100000, 0x0000000785100000, 0x0000000785200000|  0%| F|  |TAMS 0x0000000785100000, 0x0000000785100000| Untracked 
|  82|0x0000000785200000, 0x0000000785200000, 0x0000000785300000|  0%| F|  |TAMS 0x0000000785200000, 0x0000000785200000| Untracked 
|  83|0x0000000785300000, 0x0000000785300000, 0x0000000785400000|  0%| F|  |TAMS 0x0000000785300000, 0x0000000785300000| Untracked 
|  84|0x0000000785400000, 0x0000000785400000, 0x0000000785500000|  0%| F|  |TAMS 0x0000000785400000, 0x0000000785400000| Untracked 
|  85|0x0000000785500000, 0x0000000785500000, 0x0000000785600000|  0%| F|  |TAMS 0x0000000785500000, 0x0000000785500000| Untracked 
|  86|0x0000000785600000, 0x0000000785600000, 0x0000000785700000|  0%| F|  |TAMS 0x0000000785600000, 0x0000000785600000| Untracked 
|  87|0x0000000785700000, 0x0000000785700000, 0x0000000785800000|  0%| F|  |TAMS 0x0000000785700000, 0x0000000785700000| Untracked 
|  88|0x0000000785800000, 0x0000000785800000, 0x0000000785900000|  0%| F|  |TAMS 0x0000000785800000, 0x0000000785800000| Untracked 
|  89|0x0000000785900000, 0x0000000785900000, 0x0000000785a00000|  0%| F|  |TAMS 0x0000000785900000, 0x0000000785900000| Untracked 
|  90|0x0000000785a00000, 0x0000000785a00000, 0x0000000785b00000|  0%| F|  |TAMS 0x0000000785a00000, 0x0000000785a00000| Untracked 
|  91|0x0000000785b00000, 0x0000000785b00000, 0x0000000785c00000|  0%| F|  |TAMS 0x0000000785b00000, 0x0000000785b00000| Untracked 
|  92|0x0000000785c00000, 0x0000000785c00000, 0x0000000785d00000|  0%| F|  |TAMS 0x0000000785c00000, 0x0000000785c00000| Untracked 
|  93|0x0000000785d00000, 0x0000000785d00000, 0x0000000785e00000|  0%| F|  |TAMS 0x0000000785d00000, 0x0000000785d00000| Untracked 
|  94|0x0000000785e00000, 0x0000000785e00000, 0x0000000785f00000|  0%| F|  |TAMS 0x0000000785e00000, 0x0000000785e00000| Untracked 
|  95|0x0000000785f00000, 0x0000000785f00000, 0x0000000786000000|  0%| F|  |TAMS 0x0000000785f00000, 0x0000000785f00000| Untracked 
|  96|0x0000000786000000, 0x0000000786000000, 0x0000000786100000|  0%| F|  |TAMS 0x0000000786000000, 0x0000000786000000| Untracked 
|  97|0x0000000786100000, 0x0000000786100000, 0x0000000786200000|  0%| F|  |TAMS 0x0000000786100000, 0x0000000786100000| Untracked 
|  98|0x0000000786200000, 0x0000000786200000, 0x0000000786300000|  0%| F|  |TAMS 0x0000000786200000, 0x0000000786200000| Untracked 
|  99|0x0000000786300000, 0x0000000786300000, 0x0000000786400000|  0%| F|  |TAMS 0x0000000786300000, 0x0000000786300000| Untracked 
| 100|0x0000000786400000, 0x0000000786400000, 0x0000000786500000|  0%| F|  |TAMS 0x0000000786400000, 0x0000000786400000| Untracked 
| 101|0x0000000786500000, 0x0000000786500000, 0x0000000786600000|  0%| F|  |TAMS 0x0000000786500000, 0x0000000786500000| Untracked 
| 102|0x0000000786600000, 0x0000000786600000, 0x0000000786700000|  0%| F|  |TAMS 0x0000000786600000, 0x0000000786600000| Untracked 
| 103|0x0000000786700000, 0x0000000786700000, 0x0000000786800000|  0%| F|  |TAMS 0x0000000786700000, 0x0000000786700000| Untracked 
| 104|0x0000000786800000, 0x0000000786800000, 0x0000000786900000|  0%| F|  |TAMS 0x0000000786800000, 0x0000000786800000| Untracked 
| 105|0x0000000786900000, 0x0000000786900000, 0x0000000786a00000|  0%| F|  |TAMS 0x0000000786900000, 0x0000000786900000| Untracked 
| 106|0x0000000786a00000, 0x0000000786a00000, 0x0000000786b00000|  0%| F|  |TAMS 0x0000000786a00000, 0x0000000786a00000| Untracked 
| 107|0x0000000786b00000, 0x0000000786b00000, 0x0000000786c00000|  0%| F|  |TAMS 0x0000000786b00000, 0x0000000786b00000| Untracked 
| 108|0x0000000786c00000, 0x0000000786c00000, 0x0000000786d00000|  0%| F|  |TAMS 0x0000000786c00000, 0x0000000786c00000| Untracked 
| 109|0x0000000786d00000, 0x0000000786d00000, 0x0000000786e00000|  0%| F|  |TAMS 0x0000000786d00000, 0x0000000786d00000| Untracked 
| 110|0x0000000786e00000, 0x0000000786e00000, 0x0000000786f00000|  0%| F|  |TAMS 0x0000000786e00000, 0x0000000786e00000| Untracked 
| 111|0x0000000786f00000, 0x0000000786f00000, 0x0000000787000000|  0%| F|  |TAMS 0x0000000786f00000, 0x0000000786f00000| Untracked 
| 112|0x0000000787000000, 0x0000000787000000, 0x0000000787100000|  0%| F|  |TAMS 0x0000000787000000, 0x0000000787000000| Untracked 
| 113|0x0000000787100000, 0x0000000787100000, 0x0000000787200000|  0%| F|  |TAMS 0x0000000787100000, 0x0000000787100000| Untracked 
| 114|0x0000000787200000, 0x0000000787200000, 0x0000000787300000|  0%| F|  |TAMS 0x0000000787200000, 0x0000000787200000| Untracked 
| 115|0x0000000787300000, 0x0000000787300000, 0x0000000787400000|  0%| F|  |TAMS 0x0000000787300000, 0x0000000787300000| Untracked 
| 116|0x0000000787400000, 0x0000000787400000, 0x0000000787500000|  0%| F|  |TAMS 0x0000000787400000, 0x0000000787400000| Untracked 
| 117|0x0000000787500000, 0x0000000787500000, 0x0000000787600000|  0%| F|  |TAMS 0x0000000787500000, 0x0000000787500000| Untracked 
| 118|0x0000000787600000, 0x0000000787600000, 0x0000000787700000|  0%| F|  |TAMS 0x0000000787600000, 0x0000000787600000| Untracked 
| 119|0x0000000787700000, 0x0000000787700000, 0x0000000787800000|  0%| F|  |TAMS 0x0000000787700000, 0x0000000787700000| Untracked 
| 120|0x0000000787800000, 0x0000000787800000, 0x0000000787900000|  0%| F|  |TAMS 0x0000000787800000, 0x0000000787800000| Untracked 
| 121|0x0000000787900000, 0x0000000787900000, 0x0000000787a00000|  0%| F|  |TAMS 0x0000000787900000, 0x0000000787900000| Untracked 
| 122|0x0000000787a00000, 0x0000000787a00000, 0x0000000787b00000|  0%| F|  |TAMS 0x0000000787a00000, 0x0000000787a00000| Untracked 
| 123|0x0000000787b00000, 0x0000000787b00000, 0x0000000787c00000|  0%| F|  |TAMS 0x0000000787b00000, 0x0000000787b00000| Untracked 
| 124|0x0000000787c00000, 0x0000000787cebec0, 0x0000000787d00000| 92%| E|  |TAMS 0x0000000787c00000, 0x0000000787c00000| Complete 
| 125|0x0000000787d00000, 0x0000000787e00000, 0x0000000787e00000|100%| E|CS|TAMS 0x0000000787d00000, 0x0000000787d00000| Complete 
| 126|0x0000000787e00000, 0x0000000787f00000, 0x0000000787f00000|100%| E|CS|TAMS 0x0000000787e00000, 0x0000000787e00000| Complete 
| 127|0x0000000787f00000, 0x0000000788000000, 0x0000000788000000|100%| E|CS|TAMS 0x0000000787f00000, 0x0000000787f00000| Complete 
|1022|0x00000007bfe00000, 0x00000007bfe75000, 0x00000007bff00000| 45%|OA|  |TAMS 0x00000007bfe00000, 0x00000007bfe00000| Untracked 
|1023|0x00000007bff00000, 0x00000007bff7d000, 0x00000007c0000000| 48%|CA|  |TAMS 0x00000007bff00000, 0x00000007bff00000| Untracked 

Card table byte_map: [0x0000000126294000,0x0000000126694000] _byte_map_base: 0x0000000122694000

Marking Bits (Prev, Next): (CMBitMap*) 0x00007f9ea902ba10, (CMBitMap*) 0x00007f9ea902ba50
 Prev Bits: [0x0000000126a94000, 0x0000000128a94000)
 Next Bits: [0x0000000128a94000, 0x000000012aa94000)

Polling page: 0x0000000100671000

Metaspace:

Usage:
  Non-class:      1.08 MB used.
      Class:     90.12 KB used.
       Both:      1.17 MB used.

Virtual space:
  Non-class space:        8.00 MB reserved,       1.12 MB ( 14%) committed,  1 nodes.
      Class space:        1.00 GB reserved,     192.00 KB ( <1%) committed,  1 nodes.
              Both:        1.01 GB reserved,       1.31 MB ( <1%) committed. 

Chunk freelists:
   Non-Class:  3.96 MB
       Class:  3.73 MB
        Both:  7.70 MB

MaxMetaspaceSize: 17179869184.00 GB
CompressedClassSpaceSize: 1.00 GB
 - commit_granule_bytes: 65536.
 - commit_granule_words: 8192.
 - virtual_space_node_default_size: 1048576.
 - enlarge_chunks_in_place: 1.
 - new_chunks_are_fully_committed: 0.
 - uncommit_free_chunks: 1.
 - use_allocation_guard: 0.
 - handle_deallocations: 1.


Internal statistics:

num_allocs_failed_limit: 0.
num_arena_births: 14.
num_arena_deaths: 0.
num_vsnodes_births: 2.
num_vsnodes_deaths: 0.
num_space_committed: 21.
num_space_uncommitted: 0.
num_chunks_returned_to_freelist: 0.
num_chunks_taken_from_freelist: 23.
num_chunk_merges: 0.
num_chunk_splits: 11.
num_chunks_enlarged: 5.
num_purges: 0.

CodeHeap 'non-profiled nmethods': size=120028Kb used=89Kb max_used=89Kb free=119938Kb
 bounds [0x000000011e95d000, 0x000000011ebcd000, 0x0000000125e94000]
CodeHeap 'profiled nmethods': size=120028Kb used=360Kb max_used=360Kb free=119667Kb
 bounds [0x0000000117426000, 0x0000000117696000, 0x000000011e95d000]
CodeHeap 'non-nmethods': size=5704Kb used=1132Kb max_used=1150Kb free=4571Kb
 bounds [0x0000000116e94000, 0x0000000117104000, 0x0000000117426000]
 total_blobs=708 nmethods=292 adapters=331
 compilation: enabled
              stopped_count=0, restarted_count=0
 full_count=0

Compilation events (20 events):
Event: 1.192 Thread 0x00007f9eb980f600 nmethod 284 0x000000011747db10 code [0x000000011747dcc0, 0x000000011747dff0]
Event: 1.192 Thread 0x00007f9eb980f600  285       3       java.util.LinkedHashMap::afterNodeInsertion (40 bytes)
Event: 1.192 Thread 0x00007f9eb980f600 nmethod 285 0x000000011747e110 code [0x000000011747e2c0, 0x000000011747e4b0]
Event: 1.192 Thread 0x00007f9eb980f600  282       3       java.util.LinkedHashMap::newNode (23 bytes)
Event: 1.192 Thread 0x00007f9eb980f600 nmethod 282 0x000000011747e590 code [0x000000011747e760, 0x000000011747eb80]
Event: 1.192 Thread 0x00007f9eb980f600  283       3       java.util.LinkedHashMap$Entry::<init> (10 bytes)
Event: 1.192 Thread 0x00007f9eb980f600 nmethod 283 0x000000011747ed10 code [0x000000011747eec0, 0x000000011747f1b0]
Event: 1.193 Thread 0x00007f9eb980f000  286       4       java.util.HashMap::put (13 bytes)
Event: 1.194 Thread 0x00007f9eb980f600  287       3       java.lang.StringBuilder::<init> (7 bytes)
Event: 1.194 Thread 0x00007f9eb980f600 nmethod 287 0x000000011747f290 code [0x000000011747f440, 0x000000011747f580]
Event: 1.196 Thread 0x00007f9eb980f600  288       3       jdk.internal.misc.Unsafe::putReferenceRelease (9 bytes)
Event: 1.197 Thread 0x00007f9eb980f600 nmethod 288 0x000000011747f610 code [0x000000011747f7a0, 0x000000011747f910]
Event: 1.197 Thread 0x00007f9eb980f600  290       3       java.util.concurrent.ConcurrentHashMap::setTabAt (20 bytes)
Event: 1.197 Thread 0x00007f9eb980f600 nmethod 290 0x000000011747f990 code [0x000000011747fb40, 0x000000011747fd60]
Event: 1.197 Thread 0x00007f9eb980f600  291       3       java.lang.StringLatin1::inflate (34 bytes)
Event: 1.197 Thread 0x00007f9eb980f600 nmethod 291 0x000000011747fe10 code [0x000000011747ffc0, 0x00000001174801b0]
Event: 1.208 Thread 0x00007f9eb980f000 nmethod 286 0x000000011e971610 code [0x000000011e971820, 0x000000011e972b78]
Event: 1.726 Thread 0x00007f9eb980f600  292       1       java.nio.Buffer::limit (5 bytes)
Event: 1.726 Thread 0x00007f9eb980f600 nmethod 292 0x000000011e973190 code [0x000000011e973320, 0x000000011e9733f0]
Event: 5.104 Thread 0x00007f9eb980f600  293       1       java.nio.Buffer::position (5 bytes)

GC Heap History (0 events):
No events

Deoptimization events (0 events):
No events

Classes unloaded (0 events):
No events

Classes redefined (0 events):
No events

Internal exceptions (3 events):
Event: 0.210 Thread 0x00007f9ea90b1000 Exception <a 'java/lang/NoSuchMethodError'{0x0000000787e7ca10}: 'java.lang.Object java.lang.invoke.DirectMethodHandle$Holder.invokeStatic(java.lang.Object)'> (0x0000000787e7ca10) 
thrown [./open/src/hotspot/share/interpreter/linkResolver.cpp, line 790]
Event: 0.212 Thread 0x00007f9ea90b1000 Exception <a 'java/lang/NoSuchMethodError'{0x0000000787e801f8}: 'java.lang.Object java.lang.invoke.DirectMethodHandle$Holder.invokeStaticInit(java.lang.Object)'> (0x0000000787e801f8) 
thrown [./open/src/hotspot/share/interpreter/linkResolver.cpp, line 790]
Event: 0.243 Thread 0x00007f9ea90b1000 Exception <a 'java/lang/NoSuchMethodError'{0x0000000787e8e2b8}: 'void java.lang.invoke.DirectMethodHandle$Holder.invokeStatic(java.lang.Object, java.lang.Object)'> (0x0000000787e8e2b8) 
thrown [./open/src/hotspot/share/interpreter/linkResolver.cpp, line 790]

Events (20 events):
Event: 1.190 loading class sun/util/resources/OpenListResourceBundle
Event: 1.190 loading class sun/util/resources/OpenListResourceBundle done
Event: 1.190 loading class sun/util/resources/TimeZoneNamesBundle done
Event: 1.190 loading class sun/util/resources/cldr/TimeZoneNames done
Event: 1.190 loading class sun/util/resources/cldr/TimeZoneNames_en
Event: 1.190 loading class sun/util/resources/cldr/TimeZoneNames_en done
Event: 1.191 loading class sun/util/resources/cldr/TimeZoneNames_en_US
Event: 1.191 loading class sun/util/resources/cldr/TimeZoneNames_en_US done
Event: 1.192 loading class java/util/LinkedHashMap$LinkedKeySet
Event: 1.192 loading class java/util/LinkedHashMap$LinkedKeySet done
Event: 1.193 loading class sun/util/cldr/CLDRBaseLocaleDataMetaInfo$TZCanonicalIDMapHolder
Event: 1.193 loading class sun/util/cldr/CLDRBaseLocaleDataMetaInfo$TZCanonicalIDMapHolder done
Event: 1.194 loading class sun/util/resources/TimeZoneNames
Event: 1.194 loading class sun/util/resources/TimeZoneNames done
Event: 1.194 loading class sun/util/resources/TimeZoneNames_en
Event: 1.195 loading class sun/util/resources/TimeZoneNames_en done
Event: 1.726 loading class java/util/regex/Pattern$1
Event: 1.726 loading class java/util/regex/Pattern$1 done
Event: 2.068 Executing  VM operation: Cleanup
Event: 2.068 Executing  VM operation: Cleanup done


Dynamic libraries:
0x00007ffdffccf000 	/Library/Apple/usr/libexec/oah/runtime
0x00007fff2a5fe000 	/usr/lib/libz.1.dylib
0x0000000108915000 	/Library/Java/JavaVirtualMachines/jdk-16.jdk/Contents/Home/lib/libjli.dylib
0x00007fff352b0000 	/System/Library/Frameworks/Cocoa.framework/Versions/A/Cocoa
0x00007fff22158000 	/System/Library/Frameworks/Security.framework/Versions/A/Security
0x00007fff334ad000 	/System/Library/Frameworks/ApplicationServices.framework/Versions/A/ApplicationServices
0x00007fff2a6ca000 	/usr/lib/libSystem.B.dylib
0x00007fff2a6c4000 	/usr/lib/system/libcache.dylib
0x00007fff2a680000 	/usr/lib/system/libcommonCrypto.dylib
0x00007fff2a6aa000 	/usr/lib/system/libcompiler_rt.dylib
0x00007fff2a69f000 	/usr/lib/system/libcopyfile.dylib
0x00007fff200f6000 	/usr/lib/system/libcorecrypto.dylib
0x00007fff201c3000 	/usr/lib/system/libdispatch.dylib
0x00007fff20378000 	/usr/lib/system/libdyld.dylib
0x00007fff2a6bb000 	/usr/lib/system/libkeymgr.dylib
0x00007fff2dc5f000 	/usr/lib/system/liblaunch.dylib
0x00007fff2a65e000 	/usr/lib/system/libmacho.dylib
0x00007fff29e73000 	/usr/lib/system/libquarantine.dylib
0x00007fff2a6b8000 	/usr/lib/system/libremovefile.dylib
0x00007fff24aef000 	/usr/lib/system/libsystem_asl.dylib
0x00007fff200a6000 	/usr/lib/system/libsystem_blocks.dylib
0x00007fff20245000 	/usr/lib/system/libsystem_c.dylib
0x00007fff2a6b2000 	/usr/lib/system/libsystem_collections.dylib
0x00007fff29260000 	/usr/lib/system/libsystem_configuration.dylib
0x00007fff2854f000 	/usr/lib/system/libsystem_containermanager.dylib
0x00007fff2a3f6000 	/usr/lib/system/libsystem_coreservices.dylib
0x00007fff2270c000 	/usr/lib/system/libsystem_darwin.dylib
0x00007fff2a6bc000 	/usr/lib/system/libsystem_dnssd.dylib
0x00007fff20242000 	/usr/lib/system/libsystem_featureflags.dylib
0x00007fff203bd000 	/usr/lib/system/libsystem_info.dylib
0x00007fff2a611000 	/usr/lib/system/libsystem_m.dylib
0x00007fff20196000 	/usr/lib/system/libsystem_malloc.dylib
0x00007fff24a83000 	/usr/lib/system/libsystem_networkextension.dylib
0x00007fff22b27000 	/usr/lib/system/libsystem_notify.dylib
0x00007fff30113000 	/usr/lib/system/libsystem_product_info_filter.dylib
0x00007fff29264000 	/usr/lib/system/libsystem_sandbox.dylib
0x00007fff2a6b5000 	/usr/lib/system/libsystem_secinit.dylib
0x00007fff2033d000 	/usr/lib/system/libsystem_kernel.dylib
0x00007fff203b3000 	/usr/lib/system/libsystem_platform.dylib
0x00007fff2036c000 	/usr/lib/system/libsystem_pthread.dylib
0x00007fff2621d000 	/usr/lib/system/libsystem_symptoms.dylib
0x00007fff200de000 	/usr/lib/system/libsystem_trace.dylib
0x00007fff2a68c000 	/usr/lib/system/libunwind.dylib
0x00007fff200a8000 	/usr/lib/system/libxpc.dylib
0x00007fff20324000 	/usr/lib/libc++abi.dylib
0x00007fff20208000 	/usr/lib/libobjc.A.dylib
0x00007fff2a697000 	/usr/lib/liboah.dylib
0x00007fff202ce000 	/usr/lib/libc++.1.dylib
0x00007fff203e9000 	/System/Library/Frameworks/CoreFoundation.framework/Versions/A/CoreFoundation
0x00007fff210cb000 	/System/Library/Frameworks/Foundation.framework/Versions/C/Foundation
0x00007fff22b7f000 	/System/Library/Frameworks/AppKit.framework/Versions/C/AppKit
0x00007fff25a3d000 	/System/Library/Frameworks/CoreData.framework/Versions/A/CoreData
0x00007fff238e2000 	/System/Library/PrivateFrameworks/UIFoundation.framework/Versions/A/UIFoundation
0x00007fff2fe8c000 	/System/Library/PrivateFrameworks/RemoteViewServices.framework/Versions/A/RemoteViewServices
0x00007fff28c19000 	/System/Library/PrivateFrameworks/XCTTargetBootstrap.framework/Versions/A/XCTTargetBootstrap
0x00007fff2b968000 	/usr/lib/libspindump.dylib
0x00007fff23b37000 	/System/Library/Frameworks/UniformTypeIdentifiers.framework/Versions/A/UniformTypeIdentifiers
0x00007fff273ef000 	/usr/lib/libapp_launch_measurement.dylib
0x00007fff273f2000 	/System/Library/PrivateFrameworks/CoreAutoLayout.framework/Versions/A/CoreAutoLayout
0x00007fff2857b000 	/System/Library/Frameworks/Metal.framework/Versions/A/Metal
0x00007fff2926f000 	/usr/lib/liblangid.dylib
0x00007fff28c1d000 	/System/Library/PrivateFrameworks/CoreSVG.framework/Versions/A/CoreSVG
0x00007fff24b1e000 	/System/Library/PrivateFrameworks/SkyLight.framework/Versions/A/SkyLight
0x00007fff24e85000 	/System/Library/Frameworks/CoreGraphics.framework/Versions/A/CoreGraphics
0x00007fff304e3000 	/System/Library/Frameworks/Accelerate.framework/Versions/A/Accelerate
0x00007fff2b3a3000 	/System/Library/PrivateFrameworks/IconServices.framework/Versions/A/IconServices
0x00007fff28560000 	/System/Library/Frameworks/IOSurface.framework/Versions/A/IOSurface
0x00007fff263cf000 	/usr/lib/libDiagnosticMessagesClient.dylib
0x00007fff28c05000 	/System/Library/PrivateFrameworks/DFRFoundation.framework/Versions/A/DFRFoundation
0x00007fff224aa000 	/usr/lib/libicucore.A.dylib
0x00007fff2cead000 	/System/Library/Frameworks/AudioToolbox.framework/Versions/A/AudioToolbox
0x00007fff2c152000 	/System/Library/PrivateFrameworks/DataDetectorsCore.framework/Versions/A/DataDetectorsCore
0x00007fff28905000 	/System/Library/Frameworks/Carbon.framework/Versions/A/Frameworks/HIToolbox.framework/Versions/A/HIToolbox
0x00007fff26e4a000 	/System/Library/Frameworks/QuartzCore.framework/Versions/A/QuartzCore
0x00007fff2fec8000 	/System/Library/Frameworks/Carbon.framework/Versions/A/Frameworks/SpeechRecognition.framework/Versions/A/SpeechRecognition
0x00007fff27157000 	/System/Library/PrivateFrameworks/CoreUI.framework/Versions/A/CoreUI
0x00007fff21ab3000 	/System/Library/Frameworks/CoreAudio.framework/Versions/A/CoreAudio
0x00007fff264ba000 	/System/Library/Frameworks/DiskArbitration.framework/Versions/A/DiskArbitration
0x00007fff2bd62000 	/System/Library/PrivateFrameworks/MultitouchSupport.framework/Versions/A/MultitouchSupport
0x00007fff2c149000 	/System/Library/PrivateFrameworks/InternationalSupport.framework/Versions/A/InternationalSupport
0x00007fff24a92000 	/usr/lib/libenergytrace.dylib
0x00007fff22a78000 	/System/Library/Frameworks/IOKit.framework/Versions/A/IOKit
0x00007fff30215000 	/System/Library/Frameworks/CoreServices.framework/Versions/A/CoreServices
0x00007fff27385000 	/System/Library/PrivateFrameworks/PerformanceAnalysis.framework/Versions/A/PerformanceAnalysis
0x00007fff6cb8b000 	/System/Library/Frameworks/OpenGL.framework/Versions/A/OpenGL
0x00007fff2c1ce000 	/System/Library/PrivateFrameworks/UserActivity.framework/Versions/A/UserActivity
0x00007fff2553f000 	/System/Library/Frameworks/ColorSync.framework/Versions/A/ColorSync
0x00007fff28e86000 	/System/Library/Frameworks/CoreImage.framework/Versions/A/CoreImage
0x00007fff218ca000 	/System/Library/Frameworks/CoreText.framework/Versions/A/CoreText
0x00007fff28c47000 	/System/Library/Frameworks/ImageIO.framework/Versions/A/ImageIO
0x00007fff2a6d0000 	/System/Library/PrivateFrameworks/SoftLinking.framework/Versions/A/SoftLinking
0x00007fff2743b000 	/usr/lib/libxml2.2.dylib
0x00007fff2a942000 	/usr/lib/libcompression.dylib
0x00007fff24a93000 	/usr/lib/libMobileGestalt.dylib
0x00007fff2c07c000 	/System/Library/PrivateFrameworks/TextureIO.framework/Versions/A/TextureIO
0x00007fff2b030000 	/usr/lib/libate.dylib
0x00007fff2ad5b000 	/usr/lib/liblzma.5.dylib
0x00007fff20ddf000 	/System/Library/Frameworks/SystemConfiguration.framework/Versions/A/SystemConfiguration
0x00007fff2a6cc000 	/usr/lib/libfakelink.dylib
0x00007fff245e5000 	/System/Library/Frameworks/CFNetwork.framework/Versions/A/CFNetwork
0x00007fff2a80c000 	/usr/lib/libarchive.2.dylib
0x00007fff20e5d000 	/usr/lib/libCRFSuite.dylib
0x00007fff29e9a000 	/usr/lib/libbsm.0.dylib
0x00007fff23fa1000 	/usr/lib/libnetwork.dylib
0x00007fff2a6d1000 	/usr/lib/libpcap.A.dylib
0x00007fff26216000 	/usr/lib/libdns_services.dylib
0x00007fff2ad74000 	/usr/lib/libcoretls_cfhelpers.dylib
0x00007fff2a910000 	/usr/lib/libapple_nghttp2.dylib
0x00007fff2a664000 	/usr/lib/system/libkxld.dylib
0x00007fff25e84000 	/usr/lib/libsqlite3.dylib
0x00007fff2a3d8000 	/System/Library/PrivateFrameworks/AppleFSCompression.framework/Versions/A/AppleFSCompression
0x00007fff29e82000 	/usr/lib/libcoretls.dylib
0x00007fff2a93d000 	/usr/lib/libpam.2.dylib
0x00007fff2ae71000 	/usr/lib/libxar.1.dylib
0x00007fff2926b000 	/System/Library/PrivateFrameworks/AppleSystemInfo.framework/Versions/A/AppleSystemInfo
0x00007fff29ac5000 	/System/Library/PrivateFrameworks/IOMobileFramebuffer.framework/Versions/A/IOMobileFramebuffer
0x00007fff2a3e8000 	/usr/lib/libbz2.1.0.dylib
0x00007fff2a709000 	/usr/lib/libiconv.2.dylib
0x00007fff2a65d000 	/usr/lib/libcharset.1.dylib
0x00007fff273c1000 	/System/Library/Frameworks/CoreServices.framework/Versions/A/Frameworks/FSEvents.framework/Versions/A/FSEvents
0x00007fff22716000 	/System/Library/Frameworks/CoreServices.framework/Versions/A/Frameworks/CarbonCore.framework/Versions/A/CarbonCore
0x00007fff2641f000 	/System/Library/Frameworks/CoreServices.framework/Versions/A/Frameworks/Metadata.framework/Versions/A/Metadata
0x00007fff2a3fb000 	/System/Library/Frameworks/CoreServices.framework/Versions/A/Frameworks/OSServices.framework/Versions/A/OSServices
0x00007fff2a87e000 	/System/Library/Frameworks/CoreServices.framework/Versions/A/Frameworks/SearchKit.framework/Versions/A/SearchKit
0x00007fff261a0000 	/System/Library/Frameworks/CoreServices.framework/Versions/A/Frameworks/AE.framework/Versions/A/AE
0x00007fff20885000 	/System/Library/Frameworks/CoreServices.framework/Versions/A/Frameworks/LaunchServices.framework/Versions/A/LaunchServices
0x00007fff2ad0c000 	/System/Library/Frameworks/CoreServices.framework/Versions/A/Frameworks/DictionaryServices.framework/Versions/A/DictionaryServices
0x00007fff273ca000 	/System/Library/Frameworks/CoreServices.framework/Versions/A/Frameworks/SharedFileList.framework/Versions/A/SharedFileList
0x00007fff29e76000 	/usr/lib/libCheckFix.dylib
0x00007fff24b06000 	/System/Library/PrivateFrameworks/TCC.framework/Versions/A/TCC
0x00007fff29271000 	/System/Library/PrivateFrameworks/CoreNLP.framework/Versions/A/CoreNLP
0x00007fff263d2000 	/System/Library/PrivateFrameworks/MetadataUtilities.framework/Versions/A/MetadataUtilities
0x00007fff20e93000 	/usr/lib/libmecabra.dylib
0x00007fff2a18a000 	/System/Library/Frameworks/MLCompute.framework/Versions/A/MLCompute
0x00007fff29eab000 	/usr/lib/libmecab.dylib
0x00007fff29ef5000 	/usr/lib/libgermantok.dylib
0x00007fff2a8e6000 	/usr/lib/libThaiTokenizer.dylib
0x00007fff2aeac000 	/usr/lib/libChineseTokenizer.dylib
0x00007fff2a93b000 	/System/Library/Frameworks/MetalPerformanceShaders.framework/Versions/A/MetalPerformanceShaders
0x00007fff264c1000 	/System/Library/Frameworks/Accelerate.framework/Versions/A/Frameworks/vImage.framework/Versions/A/vImage
0x00007fff301ee000 	/System/Library/Frameworks/Accelerate.framework/Versions/A/Frameworks/vecLib.framework/Versions/A/vecLib
0x00007fff2aeb7000 	/System/Library/Frameworks/Accelerate.framework/Versions/A/Frameworks/vecLib.framework/Versions/A/libvMisc.dylib
0x00007fff29921000 	/System/Library/Frameworks/Accelerate.framework/Versions/A/Frameworks/vecLib.framework/Versions/A/libvDSP.dylib
0x00007fff20b89000 	/System/Library/Frameworks/Accelerate.framework/Versions/A/Frameworks/vecLib.framework/Versions/A/libBLAS.dylib
0x00007fff2a961000 	/System/Library/Frameworks/Accelerate.framework/Versions/A/Frameworks/vecLib.framework/Versions/A/libLAPACK.dylib
0x00007fff29efb000 	/System/Library/Frameworks/Accelerate.framework/Versions/A/Frameworks/vecLib.framework/Versions/A/libLinearAlgebra.dylib
0x00007fff2a928000 	/System/Library/Frameworks/Accelerate.framework/Versions/A/Frameworks/vecLib.framework/Versions/A/libSparseBLAS.dylib
0x00007fff2a95b000 	/System/Library/Frameworks/Accelerate.framework/Versions/A/Frameworks/vecLib.framework/Versions/A/libQuadrature.dylib
0x00007fff29319000 	/System/Library/Frameworks/Accelerate.framework/Versions/A/Frameworks/vecLib.framework/Versions/A/libBNNS.dylib
0x00007fff20d70000 	/System/Library/Frameworks/Accelerate.framework/Versions/A/Frameworks/vecLib.framework/Versions/A/libSparse.dylib
0x00007fff29204000 	/System/Library/Frameworks/MetalPerformanceShaders.framework/Versions/A/Frameworks/MPSCore.framework/Versions/A/MPSCore
0x00007fff2a347000 	/System/Library/Frameworks/MetalPerformanceShaders.framework/Versions/A/Frameworks/MPSImage.framework/Versions/A/MPSImage
0x00007fff29f12000 	/System/Library/Frameworks/MetalPerformanceShaders.framework/Versions/A/Frameworks/MPSNeuralNetwork.framework/Versions/A/MPSNeuralNetwork
0x00007fff2a2d2000 	/System/Library/Frameworks/MetalPerformanceShaders.framework/Versions/A/Frameworks/MPSMatrix.framework/Versions/A/MPSMatrix
0x00007fff2a13a000 	/System/Library/Frameworks/MetalPerformanceShaders.framework/Versions/A/Frameworks/MPSRayIntersector.framework/Versions/A/MPSRayIntersector
0x00007fff2a309000 	/System/Library/Frameworks/MetalPerformanceShaders.framework/Versions/A/Frameworks/MPSNDArray.framework/Versions/A/MPSNDArray
0x00007fff20ab5000 	/System/Library/PrivateFrameworks/MetalTools.framework/Versions/A/MetalTools
0x00007fff29269000 	/System/Library/PrivateFrameworks/AggregateDictionary.framework/Versions/A/AggregateDictionary
0x00007fff263aa000 	/System/Library/PrivateFrameworks/CoreAnalytics.framework/Versions/A/CoreAnalytics
0x00007fff2a8e8000 	/System/Library/PrivateFrameworks/AppleSauce.framework/Versions/A/AppleSauce
0x00007fff28572000 	/System/Library/PrivateFrameworks/IOAccelerator.framework/Versions/A/IOAccelerator
0x00007fff6cb7f000 	/System/Library/Frameworks/OpenGL.framework/Versions/A/Libraries/libCoreFSCache.dylib
0x00007fff2142f000 	/System/Library/PrivateFrameworks/LanguageModeling.framework/Versions/A/LanguageModeling
0x00007fff29ab2000 	/System/Library/PrivateFrameworks/CoreEmoji.framework/Versions/A/CoreEmoji
0x00007fff29312000 	/System/Library/PrivateFrameworks/LinguisticData.framework/Versions/A/LinguisticData
0x00007fff20d22000 	/System/Library/PrivateFrameworks/Lexicon.framework/Versions/A/Lexicon
0x00007fff2a7fa000 	/usr/lib/libcmph.dylib
0x00007fff273a1000 	/System/Library/Frameworks/OpenDirectory.framework/Versions/A/Frameworks/CFOpenDirectory.framework/Versions/A/CFOpenDirectory
0x00007fff27391000 	/System/Library/Frameworks/OpenDirectory.framework/Versions/A/OpenDirectory
0x00007fff2ad76000 	/System/Library/PrivateFrameworks/APFS.framework/Versions/A/APFS
0x00007fff29dd7000 	/System/Library/Frameworks/SecurityFoundation.framework/Versions/A/SecurityFoundation
0x00007fff2ae7f000 	/usr/lib/libutil.dylib
0x00007fff22a3d000 	/System/Library/PrivateFrameworks/CoreServicesStore.framework/Versions/A/CoreServicesStore
0x00007fff29e6e000 	/System/Library/Frameworks/ServiceManagement.framework/Versions/A/ServiceManagement
0x00007fff2ae83000 	/usr/lib/libxslt.1.dylib
0x00007fff29e64000 	/System/Library/PrivateFrameworks/BackgroundTaskManagement.framework/Versions/A/BackgroundTaskManagement
0x00007fff2bfc7000 	/System/Library/Frameworks/ImageIO.framework/Versions/A/Resources/libRadiance.dylib
0x00007fff2bfd0000 	/System/Library/Frameworks/ImageIO.framework/Versions/A/Resources/libJPEG.dylib
0x00007fff2bf1c000 	/System/Library/Frameworks/ImageIO.framework/Versions/A/Resources/libPng.dylib
0x00007fff2bf43000 	/System/Library/Frameworks/ImageIO.framework/Versions/A/Resources/libTIFF.dylib
0x00007fff2c025000 	/System/Library/Frameworks/ImageIO.framework/Versions/A/Resources/libGIF.dylib
0x00007fff2bc80000 	/System/Library/Frameworks/ImageIO.framework/Versions/A/Resources/libJP2.dylib
0x00007fff2b36a000 	/usr/lib/libexpat.1.dylib
0x00007fff2bc35000 	/System/Library/PrivateFrameworks/AppleJPEG.framework/Versions/A/AppleJPEG
0x00007fff287a8000 	/System/Library/PrivateFrameworks/FontServices.framework/libFontParser.dylib
0x00007fff26154000 	/System/Library/PrivateFrameworks/RunningBoardServices.framework/Versions/A/RunningBoardServices
0x00007fff2bd5e000 	/System/Library/PrivateFrameworks/WatchdogClient.framework/Versions/A/WatchdogClient
0x00007fff2151c000 	/System/Library/Frameworks/CoreDisplay.framework/Versions/A/CoreDisplay
0x00007fff286be000 	/System/Library/Frameworks/CoreMedia.framework/Versions/A/CoreMedia
0x00007fff2751e000 	/System/Library/Frameworks/CoreVideo.framework/Versions/A/CoreVideo
0x00007fff2bd96000 	/System/Library/Frameworks/VideoToolbox.framework/Versions/A/VideoToolbox
0x00007fff260d2000 	/System/Library/PrivateFrameworks/BaseBoard.framework/Versions/A/BaseBoard
0x00007fff2b4af000 	/System/Library/PrivateFrameworks/PersistentConnection.framework/Versions/A/PersistentConnection
0x00007fff25e6d000 	/System/Library/PrivateFrameworks/ProtocolBuffer.framework/Versions/A/ProtocolBuffer
0x00007fff260b9000 	/System/Library/PrivateFrameworks/CommonUtilities.framework/Versions/A/CommonUtilities
0x00007fff2bbca000 	/System/Library/PrivateFrameworks/Bom.framework/Versions/A/Bom
0x00007fff2bfc0000 	/System/Library/PrivateFrameworks/GPUWrangler.framework/Versions/A/GPUWrangler
0x00007fff2bfa3000 	/System/Library/PrivateFrameworks/IOPresentment.framework/Versions/A/IOPresentment
0x00007fff2bfca000 	/System/Library/PrivateFrameworks/DSExternalDisplay.framework/Versions/A/DSExternalDisplay
0x00007fff2c02a000 	/System/Library/PrivateFrameworks/CMCaptureCore.framework/Versions/A/CMCaptureCore
0x00007fff2b94f000 	/System/Library/PrivateFrameworks/AppServerSupport.framework/Versions/A/AppServerSupport
0x00007fff2d9fe000 	/System/Library/PrivateFrameworks/perfdata.framework/Versions/A/perfdata
0x00007fff29dc6000 	/System/Library/PrivateFrameworks/AssertionServices.framework/Versions/A/AssertionServices
0x00007fff21653000 	/System/Library/PrivateFrameworks/AudioToolboxCore.framework/Versions/A/AudioToolboxCore
0x00007fff286a1000 	/System/Library/PrivateFrameworks/caulk.framework/Versions/A/caulk
0x00007fff3d6a9000 	/System/Library/PrivateFrameworks/SystemPolicy.framework/Versions/A/SystemPolicy
0x00007fff2b15f000 	/usr/lib/libIOReport.dylib
0x00007fff2d220000 	/usr/lib/libSMC.dylib
0x00007fff2bee9000 	/usr/lib/libAudioToolboxUtility.dylib
0x00007fff3e013000 	/usr/lib/libmis.dylib
0x00007fff6cbdb000 	/System/Library/Frameworks/OpenGL.framework/Versions/A/Libraries/libGLU.dylib
0x00007fff6cb9e000 	/System/Library/Frameworks/OpenGL.framework/Versions/A/Libraries/libGFXShared.dylib
0x00007fff6cdad000 	/System/Library/Frameworks/OpenGL.framework/Versions/A/Libraries/libGL.dylib
0x00007fff6cba7000 	/System/Library/Frameworks/OpenGL.framework/Versions/A/Libraries/libGLImage.dylib
0x00007fff6cb9b000 	/System/Library/Frameworks/OpenGL.framework/Versions/A/Libraries/libCVMSPluginSupport.dylib
0x00007fff6cb86000 	/System/Library/Frameworks/OpenGL.framework/Versions/A/Libraries/libCoreVMClient.dylib
0x00007fff6e1ee000 	/System/Library/Frameworks/OpenCL.framework/Versions/A/OpenCL
0x00007fff2b4d9000 	/System/Library/PrivateFrameworks/GraphVisualizer.framework/Versions/A/GraphVisualizer
0x00007fff2b4e8000 	/System/Library/PrivateFrameworks/FaceCore.framework/Versions/A/FaceCore
0x00007fff2b904000 	/System/Library/PrivateFrameworks/OTSVG.framework/Versions/A/OTSVG
0x00007fff27115000 	/System/Library/Frameworks/ApplicationServices.framework/Versions/A/Frameworks/ATS.framework/Versions/A/Resources/libFontRegistry.dylib
0x00007fff2b956000 	/System/Library/PrivateFrameworks/FontServices.framework/libhvf.dylib
0x00007fff2b316000 	/System/Library/PrivateFrameworks/AppleVA.framework/Versions/A/AppleVA
0x00007fff2d069000 	/System/Library/Frameworks/ApplicationServices.framework/Versions/A/Frameworks/ATS.framework/Versions/A/ATS
0x00007fff2d37b000 	/System/Library/Frameworks/ApplicationServices.framework/Versions/A/Frameworks/ColorSyncLegacy.framework/Versions/A/ColorSyncLegacy
0x00007fff25636000 	/System/Library/Frameworks/ApplicationServices.framework/Versions/A/Frameworks/HIServices.framework/Versions/A/HIServices
0x00007fff2d360000 	/System/Library/Frameworks/ApplicationServices.framework/Versions/A/Frameworks/LangAnalysis.framework/Versions/A/LangAnalysis
0x00007fff2c034000 	/System/Library/Frameworks/ApplicationServices.framework/Versions/A/Frameworks/PrintCore.framework/Versions/A/PrintCore
0x00007fff2d383000 	/System/Library/Frameworks/ApplicationServices.framework/Versions/A/Frameworks/QD.framework/Versions/A/QD
0x00007fff2d059000 	/System/Library/Frameworks/ApplicationServices.framework/Versions/A/Frameworks/SpeechSynthesis.framework/Versions/A/SpeechSynthesis
0x00007fff2bff5000 	/System/Library/Frameworks/ApplicationServices.framework/Versions/A/Frameworks/ATSUI.framework/Versions/A/ATSUI
0x00007fff2d300000 	/usr/lib/libcups.2.dylib
0x00007fff2d370000 	/System/Library/PrivateFrameworks/NetAuth.framework/Versions/A/NetAuth
0x00007fff2da1a000 	/System/Library/Frameworks/Kerberos.framework/Versions/A/Kerberos
0x00007fff2da2a000 	/System/Library/Frameworks/GSS.framework/Versions/A/GSS
0x00007fff2d0d5000 	/usr/lib/libresolv.9.dylib
0x00007fff2b96b000 	/System/Library/PrivateFrameworks/Heimdal.framework/Versions/A/Heimdal
0x00007fff337ae000 	/System/Library/Frameworks/Kerberos.framework/Versions/A/Libraries/libHeimdalProxy.dylib
0x00007fff26225000 	/System/Library/Frameworks/Network.framework/Versions/A/Network
0x00007fff2b384000 	/usr/lib/libheimdal-asn1.dylib
0x00007fff2da7a000 	/System/Library/PrivateFrameworks/CommonAuth.framework/Versions/A/CommonAuth
0x00007fff2756b000 	/System/Library/PrivateFrameworks/login.framework/Versions/A/Frameworks/loginsupport.framework/Versions/A/loginsupport
0x00007fff2cfde000 	/System/Library/PrivateFrameworks/AudioSession.framework/Versions/A/AudioSession
0x00007fff2d046000 	/usr/lib/libAudioStatistics.dylib
0x00007fff2b411000 	/System/Library/PrivateFrameworks/MediaExperience.framework/Versions/A/MediaExperience
0x00007fff2ce7b000 	/System/Library/PrivateFrameworks/AudioSession.framework/libSessionUtility.dylib
0x00007fff2da0b000 	/usr/lib/libperfcheck.dylib
0x00007fff2d38f000 	/System/Library/PrivateFrameworks/AudioResourceArbitration.framework/Versions/A/AudioResourceArbitration
0x00007fff2b38e000 	/System/Library/PrivateFrameworks/IconFoundation.framework/Versions/A/IconFoundation
0x00007fff2feb8000 	/System/Library/PrivateFrameworks/SpeechRecognitionCore.framework/Versions/A/SpeechRecognitionCore
0x000000010d000000 	/Library/Java/JavaVirtualMachines/jdk-16.jdk/Contents/Home/lib/server/libjvm.dylib
0x00000001089bd000 	/Library/Java/JavaVirtualMachines/jdk-16.jdk/Contents/Home/lib/libjimage.dylib
0x00000001089d8000 	/Library/Java/JavaVirtualMachines/jdk-16.jdk/Contents/Home/lib/libinstrument.dylib
0x00000001089fd000 	/Library/Java/JavaVirtualMachines/jdk-16.jdk/Contents/Home/lib/libjava.dylib
0x0000000108e89000 	/Library/Java/JavaVirtualMachines/jdk-16.jdk/Contents/Home/lib/libzip.dylib
0x0000000108f30000 	/Library/Java/JavaVirtualMachines/jdk-16.jdk/Contents/Home/lib/libnio.dylib
0x0000000108f60000 	/Library/Java/JavaVirtualMachines/jdk-16.jdk/Contents/Home/lib/libnet.dylib
0x0000000108dc7000 	/Library/Java/JavaVirtualMachines/jdk-16.jdk/Contents/Home/lib/libextnet.dylib


VM Arguments:
jvm_args: -javaagent:/Applications/IntelliJ IDEA CE.app/Contents/lib/idea_rt.jar=53664:/Applications/IntelliJ IDEA CE.app/Contents/bin -Dfile.encoding=UTF-8 
java_command: com.Graphs.InfiniteArray
java_class_path (initial): /Users/adityasharma/Documents/DataStructures/out/production/DataStructures
Launcher Type: SUN_STANDARD

[Global flags]
     intx CICompilerCount                          = 4                                         {product} {ergonomic}
     uint ConcGCThreads                            = 2                                         {product} {ergonomic}
     uint G1ConcRefinementThreads                  = 8                                         {product} {ergonomic}
   size_t G1HeapRegionSize                         = 1048576                                   {product} {ergonomic}
    uintx GCDrainStackTargetSize                   = 64                                        {product} {ergonomic}
   size_t InitialHeapSize                          = 134217728                                 {product} {ergonomic}
   size_t MarkStackSize                            = 4194304                                   {product} {ergonomic}
   size_t MaxHeapSize                              = 2147483648                                {product} {ergonomic}
   size_t MaxNewSize                               = 1287651328                                {product} {ergonomic}
   size_t MinHeapDeltaBytes                        = 1048576                                   {product} {ergonomic}
   size_t MinHeapSize                              = 8388608                                   {product} {ergonomic}
    uintx NonNMethodCodeHeapSize                   = 5839372                                {pd product} {ergonomic}
    uintx NonProfiledCodeHeapSize                  = 122909434                              {pd product} {ergonomic}
    uintx ProfiledCodeHeapSize                     = 122909434                              {pd product} {ergonomic}
    uintx ReservedCodeCacheSize                    = 251658240                              {pd product} {ergonomic}
     bool SegmentedCodeCache                       = true                                      {product} {ergonomic}
   size_t SoftMaxHeapSize                          = 2147483648                             {manageable} {ergonomic}
     bool UseCompressedClassPointers               = true                           {product lp64_product} {ergonomic}
     bool UseCompressedOops                        = true                           {product lp64_product} {ergonomic}
     bool UseG1GC                                  = true                                      {product} {ergonomic}
     bool UseNUMA                                  = false                                     {product} {ergonomic}
     bool UseNUMAInterleaving                      = false                                     {product} {ergonomic}

Logging:
Log output configuration:
 #0: stdout all=warning uptime,level,tags
 #1: stderr all=off uptime,level,tags

Environment Variables:
PATH=/usr/local/bin:/usr/bin:/bin:/usr/sbin:/sbin
SHELL=/bin/zsh
LC_CTYPE=en_IN.UTF-8

Signal Handlers:
SIGSEGV: [libjvm.dylib+0xa7be40], sa_mask[0]=11100110100111111111111111111111, sa_flags=SA_ONSTACK|SA_RESTART|SA_SIGINFO
SIGBUS: [libjvm.dylib+0xa7be40], sa_mask[0]=11100110100111111111111111111111, sa_flags=SA_RESTART|SA_SIGINFO
SIGFPE: [libjvm.dylib+0xa7be40], sa_mask[0]=11100110100111111111111111111111, sa_flags=SA_RESTART|SA_SIGINFO
SIGPIPE: [libjvm.dylib+0x945d70], sa_mask[0]=11100110100111111111111111111111, sa_flags=SA_RESTART|SA_SIGINFO
SIGXFSZ: [libjvm.dylib+0x945d70], sa_mask[0]=11100110100111111111111111111111, sa_flags=SA_RESTART|SA_SIGINFO
SIGILL: [libjvm.dylib+0xa7be40], sa_mask[0]=11100110100111111111111111111111, sa_flags=SA_RESTART|SA_SIGINFO
SIGUSR2: [libjvm.dylib+0x946820], sa_mask[0]=00100000000000000000000000000000, sa_flags=SA_RESTART|SA_SIGINFO
SIGHUP: [libjvm.dylib+0x944de0], sa_mask[0]=11100110100111111111111111111111, sa_flags=SA_RESTART|SA_SIGINFO
SIGINT: [libjvm.dylib+0x944de0], sa_mask[0]=11100110100111111111111111111111, sa_flags=SA_RESTART|SA_SIGINFO
SIGTERM: [libjvm.dylib+0x944de0], sa_mask[0]=11100110100111111111111111111111, sa_flags=SA_RESTART|SA_SIGINFO
SIGQUIT: [libjvm.dylib+0x944de0], sa_mask[0]=11100110100111111111111111111111, sa_flags=SA_RESTART|SA_SIGINFO
SIGTRAP: [libjvm.dylib+0xa7be40], sa_mask[0]=11100110100111111111111111111111, sa_flags=SA_RESTART|SA_SIGINFO


---------------  S Y S T E M  ---------------

OS:uname: Darwin 20.3.0 Darwin Kernel Version 20.3.0: Thu Jan 21 00:06:51 PST 2021; root:xnu-7195.81.3~1/RELEASE_ARM64_T8101 x86_64
OS uptime: 15 days 16:53 hours
rlimit (soft/hard): STACK 8176k/65520k , CORE 0k/infinity , NPROC 1333/2000 , NOFILE 10240/infinity , AS infinity/infinity , CPU infinity/infinity , DATA infinity/infinity , FSIZE infinity/infinity , MEMLOCK infinity/infinity , RSS infinity/infinity
load average: 2.74 1.89 1.81

CPU: total 8 (initial active 8) (1 cores per cpu, 1 threads per core) family 6 model 44 stepping 0 microcode 0x0, cx8, cmov, fxsr, mmx, sse, sse2, sse3, ssse3, sse4.1, sse4.2, popcnt, tsc, tscinvbit, aes, clmul, clflush

Memory: 4k page, physical 8388608k(18560k free), swap 10485760k(1271808k free)

vm_info: Java HotSpot(TM) 64-Bit Server VM (16+36-2231) for bsd-amd64 JRE (16+36-2231), built on Feb  8 2021 11:41:03 by "mach5one" with clang 4.2.1 Compatible Apple LLVM 11.0.0 (clang-1100.0.33.17)

END.
